<?xml version="1.0" encoding="UTF-8"?>
<testsuite xmlns:xsi="http://www.w3.org/2001/XMLSchema-instance" xsi:noNamespaceSchemaLocation="https://maven.apache.org/surefire/maven-surefire-plugin/xsd/surefire-test-report-3.0.xsd" version="3.0" name="com.bodiva.nodlehs.SmallestDivisibleTest" time="0.266" tests="1" errors="1" skipped="0" failures="0">
  <properties>
    <property name="java.specification.version" value="18"/>
    <property name="groupId" value="org.primefaces.themes"/>
    <property name="sun.jnu.encoding" value="UTF-8"/>
    <property name="java.class.path" value="/Users/bodi/Desktop/Office/westconsult/Nodlehs/target/test-classes:/Users/bodi/Desktop/Office/westconsult/Nodlehs/target/classes:/Users/bodi/.m2/repository/org/springframework/boot/spring-boot/3.3.2/spring-boot-3.3.2.jar:/Users/bodi/.m2/repository/org/springframework/spring-core/6.1.11/spring-core-6.1.11.jar:/Users/bodi/.m2/repository/org/springframework/spring-jcl/6.1.11/spring-jcl-6.1.11.jar:/Users/bodi/.m2/repository/org/springframework/spring-context/6.1.11/spring-context-6.1.11.jar:/Users/bodi/.m2/repository/org/springframework/spring-aop/6.1.11/spring-aop-6.1.11.jar:/Users/bodi/.m2/repository/org/springframework/spring-beans/6.1.11/spring-beans-6.1.11.jar:/Users/bodi/.m2/repository/org/springframework/spring-expression/6.1.11/spring-expression-6.1.11.jar:/Users/bodi/.m2/repository/io/micrometer/micrometer-observation/1.12.8/micrometer-observation-1.12.8.jar:/Users/bodi/.m2/repository/io/micrometer/micrometer-commons/1.12.8/micrometer-commons-1.12.8.jar:/Users/bodi/.m2/repository/org/springframework/boot/spring-boot-autoconfigure/3.3.2/spring-boot-autoconfigure-3.3.2.jar:/Users/bodi/.m2/repository/org/springframework/boot/spring-boot-starter-web/3.3.1/spring-boot-starter-web-3.3.1.jar:/Users/bodi/.m2/repository/org/springframework/boot/spring-boot-starter/3.3.1/spring-boot-starter-3.3.1.jar:/Users/bodi/.m2/repository/org/springframework/boot/spring-boot-starter-logging/3.3.1/spring-boot-starter-logging-3.3.1.jar:/Users/bodi/.m2/repository/ch/qos/logback/logback-classic/1.5.6/logback-classic-1.5.6.jar:/Users/bodi/.m2/repository/ch/qos/logback/logback-core/1.5.6/logback-core-1.5.6.jar:/Users/bodi/.m2/repository/org/apache/logging/log4j/log4j-to-slf4j/2.23.1/log4j-to-slf4j-2.23.1.jar:/Users/bodi/.m2/repository/org/apache/logging/log4j/log4j-api/2.23.1/log4j-api-2.23.1.jar:/Users/bodi/.m2/repository/org/slf4j/jul-to-slf4j/2.0.13/jul-to-slf4j-2.0.13.jar:/Users/bodi/.m2/repository/jakarta/annotation/jakarta.annotation-api/2.1.1/jakarta.annotation-api-2.1.1.jar:/Users/bodi/.m2/repository/org/yaml/snakeyaml/2.2/snakeyaml-2.2.jar:/Users/bodi/.m2/repository/org/springframework/boot/spring-boot-starter-json/3.3.1/spring-boot-starter-json-3.3.1.jar:/Users/bodi/.m2/repository/com/fasterxml/jackson/core/jackson-databind/2.17.1/jackson-databind-2.17.1.jar:/Users/bodi/.m2/repository/com/fasterxml/jackson/core/jackson-annotations/2.17.1/jackson-annotations-2.17.1.jar:/Users/bodi/.m2/repository/com/fasterxml/jackson/core/jackson-core/2.17.1/jackson-core-2.17.1.jar:/Users/bodi/.m2/repository/com/fasterxml/jackson/datatype/jackson-datatype-jdk8/2.17.1/jackson-datatype-jdk8-2.17.1.jar:/Users/bodi/.m2/repository/com/fasterxml/jackson/datatype/jackson-datatype-jsr310/2.17.1/jackson-datatype-jsr310-2.17.1.jar:/Users/bodi/.m2/repository/com/fasterxml/jackson/module/jackson-module-parameter-names/2.17.1/jackson-module-parameter-names-2.17.1.jar:/Users/bodi/.m2/repository/org/springframework/spring-web/6.1.10/spring-web-6.1.10.jar:/Users/bodi/.m2/repository/org/springframework/spring-webmvc/6.1.10/spring-webmvc-6.1.10.jar:/Users/bodi/.m2/repository/org/junit/jupiter/junit-jupiter-api/5.6.0/junit-jupiter-api-5.6.0.jar:/Users/bodi/.m2/repository/org/apiguardian/apiguardian-api/1.1.0/apiguardian-api-1.1.0.jar:/Users/bodi/.m2/repository/org/opentest4j/opentest4j/1.2.0/opentest4j-1.2.0.jar:/Users/bodi/.m2/repository/org/junit/platform/junit-platform-commons/1.6.0/junit-platform-commons-1.6.0.jar:/Users/bodi/.m2/repository/org/junit/jupiter/junit-jupiter-params/5.6.0/junit-jupiter-params-5.6.0.jar:/Users/bodi/.m2/repository/org/junit/jupiter/junit-jupiter-engine/5.6.0/junit-jupiter-engine-5.6.0.jar:/Users/bodi/.m2/repository/org/junit/platform/junit-platform-engine/1.6.0/junit-platform-engine-1.6.0.jar:/Users/bodi/.m2/repository/org/springframework/spring-test/6.1.11/spring-test-6.1.11.jar:/Users/bodi/.m2/repository/jakarta/servlet/jakarta.servlet-api/5.0.0/jakarta.servlet-api-5.0.0.jar:/Users/bodi/.m2/repository/org/springframework/boot/spring-boot-test-autoconfigure/3.3.2/spring-boot-test-autoconfigure-3.3.2.jar:/Users/bodi/.m2/repository/org/springframework/boot/spring-boot-test/3.3.2/spring-boot-test-3.3.2.jar:/Users/bodi/.m2/repository/org/springframework/boot/spring-boot-starter-test/3.3.1/spring-boot-starter-test-3.3.1.jar:/Users/bodi/.m2/repository/com/jayway/jsonpath/json-path/2.9.0/json-path-2.9.0.jar:/Users/bodi/.m2/repository/org/slf4j/slf4j-api/2.0.11/slf4j-api-2.0.11.jar:/Users/bodi/.m2/repository/jakarta/xml/bind/jakarta.xml.bind-api/4.0.2/jakarta.xml.bind-api-4.0.2.jar:/Users/bodi/.m2/repository/jakarta/activation/jakarta.activation-api/2.1.3/jakarta.activation-api-2.1.3.jar:/Users/bodi/.m2/repository/net/minidev/json-smart/2.5.1/json-smart-2.5.1.jar:/Users/bodi/.m2/repository/net/minidev/accessors-smart/2.5.1/accessors-smart-2.5.1.jar:/Users/bodi/.m2/repository/org/ow2/asm/asm/9.6/asm-9.6.jar:/Users/bodi/.m2/repository/org/assertj/assertj-core/3.25.3/assertj-core-3.25.3.jar:/Users/bodi/.m2/repository/net/bytebuddy/byte-buddy/1.14.11/byte-buddy-1.14.11.jar:/Users/bodi/.m2/repository/org/awaitility/awaitility/4.2.1/awaitility-4.2.1.jar:/Users/bodi/.m2/repository/org/hamcrest/hamcrest/2.2/hamcrest-2.2.jar:/Users/bodi/.m2/repository/org/junit/jupiter/junit-jupiter/5.10.2/junit-jupiter-5.10.2.jar:/Users/bodi/.m2/repository/org/mockito/mockito-core/5.11.0/mockito-core-5.11.0.jar:/Users/bodi/.m2/repository/net/bytebuddy/byte-buddy-agent/1.14.12/byte-buddy-agent-1.14.12.jar:/Users/bodi/.m2/repository/org/objenesis/objenesis/3.3/objenesis-3.3.jar:/Users/bodi/.m2/repository/org/mockito/mockito-junit-jupiter/5.11.0/mockito-junit-jupiter-5.11.0.jar:/Users/bodi/.m2/repository/org/skyscreamer/jsonassert/1.5.1/jsonassert-1.5.1.jar:/Users/bodi/.m2/repository/com/vaadin/external/google/android-json/0.0.20131108.vaadin1/android-json-0.0.20131108.vaadin1.jar:/Users/bodi/.m2/repository/org/xmlunit/xmlunit-core/2.9.1/xmlunit-core-2.9.1.jar:"/>
    <property name="java.vm.vendor" value="Oracle Corporation"/>
    <property name="sun.arch.data.model" value="64"/>
    <property name="java.vendor.url" value="https://java.oracle.com/"/>
    <property name="user.timezone" value="Asia/Almaty"/>
    <property name="maven.wagon.http.ssl.ignore.validity.dates" value="true"/>
    <property name="os.name" value="Mac OS X"/>
    <property name="java.vm.specification.version" value="18"/>
    <property name="maven.wagon.http.ssl.allowall" value="true"/>
    <property name="user.country" value="DE"/>
    <property name="sun.java.launcher" value="SUN_STANDARD"/>
    <property name="sun.boot.library.path" value="/Library/Java/JavaVirtualMachines/jdk-18.0.1.1.jdk/Contents/Home/lib"/>
    <property name="sun.java.command" value="/Users/bodi/Desktop/Office/westconsult/Nodlehs/target/surefire/surefirebooter-20240801170036358_3.jar /Users/bodi/Desktop/Office/westconsult/Nodlehs/target/surefire 2024-08-01T17-00-36_273-jvmRun1 surefire-20240801170036358_1tmp surefire_0-20240801170036358_2tmp"/>
    <property name="http.nonProxyHosts" value="local|*.local|169.254/16|*.169.254/16"/>
    <property name="jdk.debug" value="release"/>
    <property name="surefire.test.class.path" value="/Users/bodi/Desktop/Office/westconsult/Nodlehs/target/test-classes:/Users/bodi/Desktop/Office/westconsult/Nodlehs/target/classes:/Users/bodi/.m2/repository/org/springframework/boot/spring-boot/3.3.2/spring-boot-3.3.2.jar:/Users/bodi/.m2/repository/org/springframework/spring-core/6.1.11/spring-core-6.1.11.jar:/Users/bodi/.m2/repository/org/springframework/spring-jcl/6.1.11/spring-jcl-6.1.11.jar:/Users/bodi/.m2/repository/org/springframework/spring-context/6.1.11/spring-context-6.1.11.jar:/Users/bodi/.m2/repository/org/springframework/spring-aop/6.1.11/spring-aop-6.1.11.jar:/Users/bodi/.m2/repository/org/springframework/spring-beans/6.1.11/spring-beans-6.1.11.jar:/Users/bodi/.m2/repository/org/springframework/spring-expression/6.1.11/spring-expression-6.1.11.jar:/Users/bodi/.m2/repository/io/micrometer/micrometer-observation/1.12.8/micrometer-observation-1.12.8.jar:/Users/bodi/.m2/repository/io/micrometer/micrometer-commons/1.12.8/micrometer-commons-1.12.8.jar:/Users/bodi/.m2/repository/org/springframework/boot/spring-boot-autoconfigure/3.3.2/spring-boot-autoconfigure-3.3.2.jar:/Users/bodi/.m2/repository/org/springframework/boot/spring-boot-starter-web/3.3.1/spring-boot-starter-web-3.3.1.jar:/Users/bodi/.m2/repository/org/springframework/boot/spring-boot-starter/3.3.1/spring-boot-starter-3.3.1.jar:/Users/bodi/.m2/repository/org/springframework/boot/spring-boot-starter-logging/3.3.1/spring-boot-starter-logging-3.3.1.jar:/Users/bodi/.m2/repository/ch/qos/logback/logback-classic/1.5.6/logback-classic-1.5.6.jar:/Users/bodi/.m2/repository/ch/qos/logback/logback-core/1.5.6/logback-core-1.5.6.jar:/Users/bodi/.m2/repository/org/apache/logging/log4j/log4j-to-slf4j/2.23.1/log4j-to-slf4j-2.23.1.jar:/Users/bodi/.m2/repository/org/apache/logging/log4j/log4j-api/2.23.1/log4j-api-2.23.1.jar:/Users/bodi/.m2/repository/org/slf4j/jul-to-slf4j/2.0.13/jul-to-slf4j-2.0.13.jar:/Users/bodi/.m2/repository/jakarta/annotation/jakarta.annotation-api/2.1.1/jakarta.annotation-api-2.1.1.jar:/Users/bodi/.m2/repository/org/yaml/snakeyaml/2.2/snakeyaml-2.2.jar:/Users/bodi/.m2/repository/org/springframework/boot/spring-boot-starter-json/3.3.1/spring-boot-starter-json-3.3.1.jar:/Users/bodi/.m2/repository/com/fasterxml/jackson/core/jackson-databind/2.17.1/jackson-databind-2.17.1.jar:/Users/bodi/.m2/repository/com/fasterxml/jackson/core/jackson-annotations/2.17.1/jackson-annotations-2.17.1.jar:/Users/bodi/.m2/repository/com/fasterxml/jackson/core/jackson-core/2.17.1/jackson-core-2.17.1.jar:/Users/bodi/.m2/repository/com/fasterxml/jackson/datatype/jackson-datatype-jdk8/2.17.1/jackson-datatype-jdk8-2.17.1.jar:/Users/bodi/.m2/repository/com/fasterxml/jackson/datatype/jackson-datatype-jsr310/2.17.1/jackson-datatype-jsr310-2.17.1.jar:/Users/bodi/.m2/repository/com/fasterxml/jackson/module/jackson-module-parameter-names/2.17.1/jackson-module-parameter-names-2.17.1.jar:/Users/bodi/.m2/repository/org/springframework/spring-web/6.1.10/spring-web-6.1.10.jar:/Users/bodi/.m2/repository/org/springframework/spring-webmvc/6.1.10/spring-webmvc-6.1.10.jar:/Users/bodi/.m2/repository/org/junit/jupiter/junit-jupiter-api/5.6.0/junit-jupiter-api-5.6.0.jar:/Users/bodi/.m2/repository/org/apiguardian/apiguardian-api/1.1.0/apiguardian-api-1.1.0.jar:/Users/bodi/.m2/repository/org/opentest4j/opentest4j/1.2.0/opentest4j-1.2.0.jar:/Users/bodi/.m2/repository/org/junit/platform/junit-platform-commons/1.6.0/junit-platform-commons-1.6.0.jar:/Users/bodi/.m2/repository/org/junit/jupiter/junit-jupiter-params/5.6.0/junit-jupiter-params-5.6.0.jar:/Users/bodi/.m2/repository/org/junit/jupiter/junit-jupiter-engine/5.6.0/junit-jupiter-engine-5.6.0.jar:/Users/bodi/.m2/repository/org/junit/platform/junit-platform-engine/1.6.0/junit-platform-engine-1.6.0.jar:/Users/bodi/.m2/repository/org/springframework/spring-test/6.1.11/spring-test-6.1.11.jar:/Users/bodi/.m2/repository/jakarta/servlet/jakarta.servlet-api/5.0.0/jakarta.servlet-api-5.0.0.jar:/Users/bodi/.m2/repository/org/springframework/boot/spring-boot-test-autoconfigure/3.3.2/spring-boot-test-autoconfigure-3.3.2.jar:/Users/bodi/.m2/repository/org/springframework/boot/spring-boot-test/3.3.2/spring-boot-test-3.3.2.jar:/Users/bodi/.m2/repository/org/springframework/boot/spring-boot-starter-test/3.3.1/spring-boot-starter-test-3.3.1.jar:/Users/bodi/.m2/repository/com/jayway/jsonpath/json-path/2.9.0/json-path-2.9.0.jar:/Users/bodi/.m2/repository/org/slf4j/slf4j-api/2.0.11/slf4j-api-2.0.11.jar:/Users/bodi/.m2/repository/jakarta/xml/bind/jakarta.xml.bind-api/4.0.2/jakarta.xml.bind-api-4.0.2.jar:/Users/bodi/.m2/repository/jakarta/activation/jakarta.activation-api/2.1.3/jakarta.activation-api-2.1.3.jar:/Users/bodi/.m2/repository/net/minidev/json-smart/2.5.1/json-smart-2.5.1.jar:/Users/bodi/.m2/repository/net/minidev/accessors-smart/2.5.1/accessors-smart-2.5.1.jar:/Users/bodi/.m2/repository/org/ow2/asm/asm/9.6/asm-9.6.jar:/Users/bodi/.m2/repository/org/assertj/assertj-core/3.25.3/assertj-core-3.25.3.jar:/Users/bodi/.m2/repository/net/bytebuddy/byte-buddy/1.14.11/byte-buddy-1.14.11.jar:/Users/bodi/.m2/repository/org/awaitility/awaitility/4.2.1/awaitility-4.2.1.jar:/Users/bodi/.m2/repository/org/hamcrest/hamcrest/2.2/hamcrest-2.2.jar:/Users/bodi/.m2/repository/org/junit/jupiter/junit-jupiter/5.10.2/junit-jupiter-5.10.2.jar:/Users/bodi/.m2/repository/org/mockito/mockito-core/5.11.0/mockito-core-5.11.0.jar:/Users/bodi/.m2/repository/net/bytebuddy/byte-buddy-agent/1.14.12/byte-buddy-agent-1.14.12.jar:/Users/bodi/.m2/repository/org/objenesis/objenesis/3.3/objenesis-3.3.jar:/Users/bodi/.m2/repository/org/mockito/mockito-junit-jupiter/5.11.0/mockito-junit-jupiter-5.11.0.jar:/Users/bodi/.m2/repository/org/skyscreamer/jsonassert/1.5.1/jsonassert-1.5.1.jar:/Users/bodi/.m2/repository/com/vaadin/external/google/android-json/0.0.20131108.vaadin1/android-json-0.0.20131108.vaadin1.jar:/Users/bodi/.m2/repository/org/xmlunit/xmlunit-core/2.9.1/xmlunit-core-2.9.1.jar:"/>
    <property name="sun.cpu.endian" value="little"/>
    <property name="user.home" value="/Users/bodi"/>
    <property name="maven.wagon.http.ssl.insecure" value="true"/>
    <property name="user.language" value="en"/>
    <property name="java.specification.vendor" value="Oracle Corporation"/>
    <property name="java.version.date" value="2022-04-22"/>
    <property name="java.home" value="/Library/Java/JavaVirtualMachines/jdk-18.0.1.1.jdk/Contents/Home"/>
    <property name="version" value="1.0.10"/>
    <property name="file.separator" value="/"/>
    <property name="basedir" value="/Users/bodi/Desktop/Office/westconsult/Nodlehs"/>
    <property name="java.vm.compressedOopsMode" value="Zero based"/>
    <property name="line.separator" value="&#10;"/>
    <property name="java.vm.specification.vendor" value="Oracle Corporation"/>
    <property name="java.specification.name" value="Java Platform API Specification"/>
    <property name="apple.awt.application.name" value="ForkedBooter"/>
    <property name="surefire.real.class.path" value="/Users/bodi/Desktop/Office/westconsult/Nodlehs/target/surefire/surefirebooter-20240801170036358_3.jar"/>
    <property name="sun.management.compiler" value="HotSpot 64-Bit Tiered Compilers"/>
    <property name="ftp.nonProxyHosts" value="local|*.local|169.254/16|*.169.254/16"/>
    <property name="java.runtime.version" value="18.0.1.1+2-6"/>
    <property name="user.name" value="bodi"/>
    <property name="path.separator" value=":"/>
    <property name="os.version" value="15.0"/>
    <property name="java.runtime.name" value="Java(TM) SE Runtime Environment"/>
    <property name="file.encoding" value="UTF-8"/>
    <property name="java.vm.name" value="Java HotSpot(TM) 64-Bit Server VM"/>
    <property name="maven.ext.class.path" value="/Applications/Apache NetBeans.app/Contents/Resources/netbeans/java/maven-nblib/netbeans-eventspy.jar"/>
    <property name="localRepository" value="/Users/bodi/.m2/repository"/>
    <property name="java.vendor.url.bug" value="https://bugreport.java.com/bugreport/"/>
    <property name="java.io.tmpdir" value="/var/folders/df/mj5yq6b96ll2kdx3r_djrx980000gs/T/"/>
    <property name="java.version" value="18.0.1.1"/>
    <property name="user.dir" value="/Users/bodi/Desktop/Office/westconsult/Nodlehs"/>
    <property name="os.arch" value="x86_64"/>
    <property name="java.vm.specification.name" value="Java Virtual Machine Specification"/>
    <property name="packaging" value="jar"/>
    <property name="native.encoding" value="UTF-8"/>
    <property name="java.library.path" value="/Users/bodi/Library/Java/Extensions:/Library/Java/Extensions:/Network/Library/Java/Extensions:/System/Library/Java/Extensions:/usr/lib/java:."/>
    <property name="java.vm.info" value="mixed mode, sharing"/>
    <property name="java.vendor" value="Oracle Corporation"/>
    <property name="java.vm.version" value="18.0.1.1+2-6"/>
    <property name="sun.io.unicode.encoding" value="UnicodeBig"/>
    <property name="socksNonProxyHosts" value="local|*.local|169.254/16|*.169.254/16"/>
    <property name="java.class.version" value="62.0"/>
  </properties>
  <testcase name="" classname="com.bodiva.nodlehs.SmallestDivisibleTest" time="0.266">
    <error message="&apos;org.junit.jupiter.api.extension.ExecutableInvoker org.junit.jupiter.api.extension.ExtensionContext.getExecutableInvoker()&apos;" type="java.lang.NoSuchMethodError"><![CDATA[java.lang.NoSuchMethodError: 'org.junit.jupiter.api.extension.ExecutableInvoker org.junit.jupiter.api.extension.ExtensionContext.getExecutableInvoker()'
	at org.springframework.test.context.junit.jupiter.SpringExtension.registerMethodInvoker(SpringExtension.java:381)
	at org.springframework.test.context.junit.jupiter.SpringExtension.beforeAll(SpringExtension.java:132)
	at org.junit.jupiter.engine.descriptor.ClassBasedTestDescriptor.lambda$invokeBeforeAllCallbacks$7(ClassBasedTestDescriptor.java:359)
	at org.junit.platform.engine.support.hierarchical.ThrowableCollector.execute(ThrowableCollector.java:73)
	at org.junit.jupiter.engine.descriptor.ClassBasedTestDescriptor.invokeBeforeAllCallbacks(ClassBasedTestDescriptor.java:359)
	at org.junit.jupiter.engine.descriptor.ClassBasedTestDescriptor.before(ClassBasedTestDescriptor.java:189)
	at org.junit.jupiter.engine.descriptor.ClassBasedTestDescriptor.before(ClassBasedTestDescriptor.java:78)
	at org.junit.platform.engine.support.hierarchical.NodeTestTask.lambda$executeRecursively$5(NodeTestTask.java:132)
	at org.junit.platform.engine.support.hierarchical.ThrowableCollector.execute(ThrowableCollector.java:73)
	at org.junit.platform.engine.support.hierarchical.NodeTestTask.lambda$executeRecursively$7(NodeTestTask.java:125)
	at org.junit.platform.engine.support.hierarchical.Node.around(Node.java:135)
	at org.junit.platform.engine.support.hierarchical.NodeTestTask.lambda$executeRecursively$8(NodeTestTask.java:123)
	at org.junit.platform.engine.support.hierarchical.ThrowableCollector.execute(ThrowableCollector.java:73)
	at org.junit.platform.engine.support.hierarchical.NodeTestTask.executeRecursively(NodeTestTask.java:122)
	at org.junit.platform.engine.support.hierarchical.NodeTestTask.execute(NodeTestTask.java:80)
	at java.base/java.util.ArrayList.forEach(ArrayList.java:1511)
	at org.junit.platform.engine.support.hierarchical.SameThreadHierarchicalTestExecutorService.invokeAll(SameThreadHierarchicalTestExecutorService.java:38)
	at org.junit.platform.engine.support.hierarchical.NodeTestTask.lambda$executeRecursively$5(NodeTestTask.java:139)
	at org.junit.platform.engine.support.hierarchical.ThrowableCollector.execute(ThrowableCollector.java:73)
	at org.junit.platform.engine.support.hierarchical.NodeTestTask.lambda$executeRecursively$7(NodeTestTask.java:125)
	at org.junit.platform.engine.support.hierarchical.Node.around(Node.java:135)
	at org.junit.platform.engine.support.hierarchical.NodeTestTask.lambda$executeRecursively$8(NodeTestTask.java:123)
	at org.junit.platform.engine.support.hierarchical.ThrowableCollector.execute(ThrowableCollector.java:73)
	at org.junit.platform.engine.support.hierarchical.NodeTestTask.executeRecursively(NodeTestTask.java:122)
	at org.junit.platform.engine.support.hierarchical.NodeTestTask.execute(NodeTestTask.java:80)
	at org.junit.platform.engine.support.hierarchical.SameThreadHierarchicalTestExecutorService.submit(SameThreadHierarchicalTestExecutorService.java:32)
	at org.junit.platform.engine.support.hierarchical.HierarchicalTestExecutor.execute(HierarchicalTestExecutor.java:57)
	at org.junit.platform.engine.support.hierarchical.HierarchicalTestEngine.execute(HierarchicalTestEngine.java:51)
	at org.junit.platform.launcher.core.DefaultLauncher.execute(DefaultLauncher.java:248)
	at org.junit.platform.launcher.core.DefaultLauncher.lambda$execute$5(DefaultLauncher.java:211)
	at org.junit.platform.launcher.core.DefaultLauncher.withInterceptedStreams(DefaultLauncher.java:226)
	at org.junit.platform.launcher.core.DefaultLauncher.execute(DefaultLauncher.java:199)
	at org.junit.platform.launcher.core.DefaultLauncher.execute(DefaultLauncher.java:132)
	at org.apache.maven.surefire.junitplatform.LazyLauncher.execute(LazyLauncher.java:56)
	at org.apache.maven.surefire.junitplatform.JUnitPlatformProvider.execute(JUnitPlatformProvider.java:184)
	at org.apache.maven.surefire.junitplatform.JUnitPlatformProvider.invokeAllTests(JUnitPlatformProvider.java:148)
	at org.apache.maven.surefire.junitplatform.JUnitPlatformProvider.invoke(JUnitPlatformProvider.java:122)
	at org.apache.maven.surefire.booter.ForkedBooter.runSuitesInProcess(ForkedBooter.java:385)
	at org.apache.maven.surefire.booter.ForkedBooter.execute(ForkedBooter.java:162)
	at org.apache.maven.surefire.booter.ForkedBooter.run(ForkedBooter.java:507)
	at org.apache.maven.surefire.booter.ForkedBooter.main(ForkedBooter.java:495)
	Suppressed: java.lang.NoSuchMethodError: 'org.junit.jupiter.api.extension.ExecutableInvoker org.junit.jupiter.api.extension.ExtensionContext.getExecutableInvoker()'
		at org.springframework.test.context.junit.jupiter.SpringExtension.registerMethodInvoker(SpringExtension.java:381)
		at org.springframework.test.context.junit.jupiter.SpringExtension.afterAll(SpringExtension.java:143)
		at org.junit.jupiter.engine.descriptor.ClassBasedTestDescriptor.lambda$invokeAfterAllCallbacks$13(ClassBasedTestDescriptor.java:425)
		at org.junit.platform.engine.support.hierarchical.ThrowableCollector.execute(ThrowableCollector.java:73)
		at org.junit.jupiter.engine.descriptor.ClassBasedTestDescriptor.lambda$invokeAfterAllCallbacks$14(ClassBasedTestDescriptor.java:425)
		at java.base/java.util.ArrayList.forEach(ArrayList.java:1511)
		at org.junit.jupiter.engine.descriptor.ClassBasedTestDescriptor.invokeAfterAllCallbacks(ClassBasedTestDescriptor.java:425)
		at org.junit.jupiter.engine.descriptor.ClassBasedTestDescriptor.after(ClassBasedTestDescriptor.java:213)
		at org.junit.jupiter.engine.descriptor.ClassBasedTestDescriptor.after(ClassBasedTestDescriptor.java:78)
		at org.junit.platform.engine.support.hierarchical.NodeTestTask.lambda$executeRecursively$6(NodeTestTask.java:145)
		at org.junit.platform.engine.support.hierarchical.ThrowableCollector.execute(ThrowableCollector.java:73)
		at org.junit.platform.engine.support.hierarchical.NodeTestTask.lambda$executeRecursively$7(NodeTestTask.java:145)
		... 31 more
]]></error>
    <system-out><![CDATA[17:00:36.948 [main] INFO org.springframework.test.context.support.AnnotationConfigContextLoaderUtils -- Could not detect default configuration classes for test class [com.bodiva.nodlehs.SmallestDivisibleTest]: SmallestDivisibleTest does not declare any static, non-private, non-final, nested classes annotated with @Configuration.
17:00:37.076 [main] INFO org.springframework.boot.test.context.SpringBootTestContextBootstrapper -- Found @SpringBootConfiguration com.bodiva.nodlehs.Nodlehs for test class com.bodiva.nodlehs.SmallestDivisibleTest
]]></system-out>
  </testcase>
</testsuite>